2018-04-01 15:04:32.221 [io-thread-2] ERROR com.think.core.net.handler.SocketMessageHandler - Handler channel exception
io.netty.handler.codec.DecoderException: java.lang.IndexOutOfBoundsException: readerIndex(2) + length(8) exceeds writerIndex(8): PooledUnsafeDirectByteBuf(ridx: 2, widx: 8, cap: 1024)
	at io.netty.handler.codec.ByteToMessageDecoder.callDecode(ByteToMessageDecoder.java:459)
	at io.netty.handler.codec.ByteToMessageDecoder.channelRead(ByteToMessageDecoder.java:265)
	at io.netty.channel.AbstractChannelHandlerContext.invokeChannelRead(AbstractChannelHandlerContext.java:362)
	at io.netty.channel.AbstractChannelHandlerContext.invokeChannelRead(AbstractChannelHandlerContext.java:348)
	at io.netty.channel.AbstractChannelHandlerContext.fireChannelRead(AbstractChannelHandlerContext.java:340)
	at io.netty.channel.DefaultChannelPipeline$HeadContext.channelRead(DefaultChannelPipeline.java:1414)
	at io.netty.channel.AbstractChannelHandlerContext.invokeChannelRead(AbstractChannelHandlerContext.java:362)
	at io.netty.channel.AbstractChannelHandlerContext.invokeChannelRead(AbstractChannelHandlerContext.java:348)
	at io.netty.channel.DefaultChannelPipeline.fireChannelRead(DefaultChannelPipeline.java:945)
	at io.netty.channel.nio.AbstractNioByteChannel$NioByteUnsafe.read(AbstractNioByteChannel.java:146)
	at io.netty.channel.nio.NioEventLoop.processSelectedKey(NioEventLoop.java:645)
	at io.netty.channel.nio.NioEventLoop.processSelectedKeysOptimized(NioEventLoop.java:580)
	at io.netty.channel.nio.NioEventLoop.processSelectedKeys(NioEventLoop.java:497)
	at io.netty.channel.nio.NioEventLoop.run(NioEventLoop.java:459)
	at io.netty.util.concurrent.SingleThreadEventExecutor$5.run(SingleThreadEventExecutor.java:886)
	at java.lang.Thread.run(Thread.java:745)
Caused by: java.lang.IndexOutOfBoundsException: readerIndex(2) + length(8) exceeds writerIndex(8): PooledUnsafeDirectByteBuf(ridx: 2, widx: 8, cap: 1024)
	at io.netty.buffer.AbstractByteBuf.checkReadableBytes0(AbstractByteBuf.java:1403)
	at io.netty.buffer.AbstractByteBuf.checkReadableBytes(AbstractByteBuf.java:1390)
	at io.netty.buffer.AbstractByteBuf.skipBytes(AbstractByteBuf.java:946)
	at com.think.core.net.codec.ProtocolDecoder.decode(ProtocolDecoder.java:70)
	at io.netty.handler.codec.ByteToMessageDecoder.decodeRemovalReentryProtection(ByteToMessageDecoder.java:489)
	at io.netty.handler.codec.ByteToMessageDecoder.callDecode(ByteToMessageDecoder.java:428)
	... 15 more
